This file contains any messages produced by compilers while
running configure, to aid debugging if configure makes a mistake.

It was created by GNU C Library configure (see version.h), which was
generated by GNU Autoconf 2.68.  Invocation command line was

  $ /home/cse506/FreeBSD/BSD/graphene/LibOS/glibc-2.17/configure --prefix=/usr/local/graphene --with-tls --enable-add-ons=nptl --without-selinux --disable-nscd

## --------- ##
## Platform. ##
## --------- ##

hostname = vl149
uname -m = x86_64
uname -r = 3.13.0-43-generic
uname -s = Linux
uname -v = #72~precise1-Ubuntu SMP Tue Dec 9 12:14:18 UTC 2014

/usr/bin/uname -p = unknown
/bin/uname -X     = unknown

/bin/arch              = unknown
/usr/bin/arch -k       = unknown
/usr/convex/getsysinfo = unknown
/usr/bin/hostinfo      = unknown
/bin/machine           = unknown
/usr/bin/oslevel       = unknown
/bin/universe          = unknown

PATH: /usr/local/sbin
PATH: /usr/local/bin
PATH: /usr/sbin
PATH: /usr/bin
PATH: /sbin
PATH: /bin
PATH: /usr/games
PATH: .
PATH: /home/cse506


## ----------- ##
## Core tests. ##
## ----------- ##

configure:2366: checking build system type
configure:2380: result: x86_64-unknown-linux-gnu
configure:2400: checking host system type
configure:2413: result: x86_64-unknown-linux-gnu
configure:2482: checking for gcc
configure:2498: found /usr/bin/gcc
configure:2509: result: gcc
configure:2738: checking for C compiler version
configure:2747: gcc --version >&5
gcc-4.6.real (Ubuntu/Linaro 4.6.3-1ubuntu5) 4.6.3
Copyright (C) 2011 Free Software Foundation, Inc.
This is free software; see the source for copying conditions.  There is NO
warranty; not even for MERCHANTABILITY or FITNESS FOR A PARTICULAR PURPOSE.

configure:2758: $? = 0
configure:2747: gcc -v >&5
Using built-in specs.
COLLECT_GCC=/usr/bin/gcc-4.6.real
COLLECT_LTO_WRAPPER=/usr/lib/gcc/x86_64-linux-gnu/4.6/lto-wrapper
Target: x86_64-linux-gnu
Configured with: ../src/configure -v --with-pkgversion='Ubuntu/Linaro 4.6.3-1ubuntu5' --with-bugurl=file:///usr/share/doc/gcc-4.6/README.Bugs --enable-languages=c,c++,fortran,objc,obj-c++ --prefix=/usr --program-suffix=-4.6 --enable-shared --enable-linker-build-id --with-system-zlib --libexecdir=/usr/lib --without-included-gettext --enable-threads=posix --with-gxx-include-dir=/usr/include/c++/4.6 --libdir=/usr/lib --enable-nls --with-sysroot=/ --enable-clocale=gnu --enable-libstdcxx-debug --enable-libstdcxx-time=yes --enable-gnu-unique-object --enable-plugin --enable-objc-gc --disable-werror --with-arch-32=i686 --with-tune=generic --enable-checking=release --build=x86_64-linux-gnu --host=x86_64-linux-gnu --target=x86_64-linux-gnu
Thread model: posix
gcc version 4.6.3 (Ubuntu/Linaro 4.6.3-1ubuntu5) 
configure:2758: $? = 0
configure:2747: gcc -V >&5
gcc-4.6.real: error: unrecognized option '-V'
gcc-4.6.real: fatal error: no input files
compilation terminated.
configure:2758: $? = 4
configure:2747: gcc -qversion >&5
gcc-4.6.real: error: unrecognized option '-qversion'
gcc-4.6.real: fatal error: no input files
compilation terminated.
configure:2758: $? = 4
configure:2763: checking for suffix of object files
configure:2785: gcc -c  -O2 -U_FORTIFY_SOURCE -fno-stack-protector  conftest.c >&5
configure:2789: $? = 0
configure:2810: result: o
configure:2814: checking whether we are using the GNU C compiler
configure:2833: gcc -c  -O2 -U_FORTIFY_SOURCE -fno-stack-protector  conftest.c >&5
configure:2833: $? = 0
configure:2842: result: yes
configure:2851: checking whether gcc accepts -g
configure:2871: gcc -c -g  conftest.c >&5
configure:2871: $? = 0
configure:2912: result: yes
configure:2929: checking for gcc option to accept ISO C89
configure:2993: gcc  -c  -O2 -U_FORTIFY_SOURCE -fno-stack-protector  conftest.c >&5
configure:2993: $? = 0
configure:3006: result: none needed
configure:3076: checking how to run the C preprocessor
configure:3107: gcc -E  conftest.c
configure:3107: $? = 0
configure:3121: gcc -E  conftest.c
conftest.c:11:28: fatal error: ac_nonexistent.h: No such file or directory
compilation terminated.
configure:3121: $? = 1
configure: failed program was:
| /* confdefs.h */
| #define PACKAGE_NAME "GNU C Library"
| #define PACKAGE_TARNAME "glibc"
| #define PACKAGE_VERSION "(see version.h)"
| #define PACKAGE_STRING "GNU C Library (see version.h)"
| #define PACKAGE_BUGREPORT "http://sourceware.org/bugzilla/"
| #define PACKAGE_URL "http://www.gnu.org/software/glibc/"
| #define PKGVERSION "(GNU libc) "
| #define REPORT_BUGS_TO "<http://www.gnu.org/software/libc/bugs.html>"
| /* end confdefs.h.  */
| #include <ac_nonexistent.h>
configure:3146: result: gcc -E
configure:3166: gcc -E  conftest.c
configure:3166: $? = 0
configure:3180: gcc -E  conftest.c
conftest.c:11:28: fatal error: ac_nonexistent.h: No such file or directory
compilation terminated.
configure:3180: $? = 1
configure: failed program was:
| /* confdefs.h */
| #define PACKAGE_NAME "GNU C Library"
| #define PACKAGE_TARNAME "glibc"
| #define PACKAGE_VERSION "(see version.h)"
| #define PACKAGE_STRING "GNU C Library (see version.h)"
| #define PACKAGE_BUGREPORT "http://sourceware.org/bugzilla/"
| #define PACKAGE_URL "http://www.gnu.org/software/glibc/"
| #define PKGVERSION "(GNU libc) "
| #define REPORT_BUGS_TO "<http://www.gnu.org/software/libc/bugs.html>"
| /* end confdefs.h.  */
| #include <ac_nonexistent.h>
configure:3267: checking for g++
configure:3283: found /usr/bin/g++
configure:3294: result: g++
configure:3321: checking for C++ compiler version
configure:3330: g++ --version >&5
g++-4.6.real (Ubuntu/Linaro 4.6.3-1ubuntu5) 4.6.3
Copyright (C) 2011 Free Software Foundation, Inc.
This is free software; see the source for copying conditions.  There is NO
warranty; not even for MERCHANTABILITY or FITNESS FOR A PARTICULAR PURPOSE.

configure:3341: $? = 0
configure:3330: g++ -v >&5
Using built-in specs.
COLLECT_GCC=/usr/bin/g++-4.6.real
COLLECT_LTO_WRAPPER=/usr/lib/gcc/x86_64-linux-gnu/4.6/lto-wrapper
Target: x86_64-linux-gnu
Configured with: ../src/configure -v --with-pkgversion='Ubuntu/Linaro 4.6.3-1ubuntu5' --with-bugurl=file:///usr/share/doc/gcc-4.6/README.Bugs --enable-languages=c,c++,fortran,objc,obj-c++ --prefix=/usr --program-suffix=-4.6 --enable-shared --enable-linker-build-id --with-system-zlib --libexecdir=/usr/lib --without-included-gettext --enable-threads=posix --with-gxx-include-dir=/usr/include/c++/4.6 --libdir=/usr/lib --enable-nls --with-sysroot=/ --enable-clocale=gnu --enable-libstdcxx-debug --enable-libstdcxx-time=yes --enable-gnu-unique-object --enable-plugin --enable-objc-gc --disable-werror --with-arch-32=i686 --with-tune=generic --enable-checking=release --build=x86_64-linux-gnu --host=x86_64-linux-gnu --target=x86_64-linux-gnu
Thread model: posix
gcc version 4.6.3 (Ubuntu/Linaro 4.6.3-1ubuntu5) 
configure:3341: $? = 0
configure:3330: g++ -V >&5
g++-4.6.real: error: unrecognized option '-V'
g++-4.6.real: fatal error: no input files
compilation terminated.
configure:3341: $? = 4
configure:3330: g++ -qversion >&5
g++-4.6.real: error: unrecognized option '-qversion'
g++-4.6.real: fatal error: no input files
compilation terminated.
configure:3341: $? = 4
configure:3345: checking whether we are using the GNU C++ compiler
configure:3364: g++ -c   conftest.cpp >&5
configure:3364: $? = 0
configure:3373: result: yes
configure:3382: checking whether g++ accepts -g
configure:3402: g++ -c -g  conftest.cpp >&5
configure:3402: $? = 0
configure:3443: result: yes
configure:3509: checking for readelf
configure:3525: found /usr/bin/readelf
configure:3536: result: readelf
configure:3998: checking for sysdeps preconfigure fragments
configure:129: checking whether gcc compiles in -mx32 mode by default
configure:147: gcc -c  -O2 -U_FORTIFY_SOURCE -fno-stack-protector  conftest.c >&5
conftest.c:12:3: error: #error not x32
configure:147: $? = 1
configure: failed program was:
| /* confdefs.h */
| #define PACKAGE_NAME "GNU C Library"
| #define PACKAGE_TARNAME "glibc"
| #define PACKAGE_VERSION "(see version.h)"
| #define PACKAGE_STRING "GNU C Library (see version.h)"
| #define PACKAGE_BUGREPORT "http://sourceware.org/bugzilla/"
| #define PACKAGE_URL "http://www.gnu.org/software/glibc/"
| #define PKGVERSION "(GNU libc) "
| #define REPORT_BUGS_TO "<http://www.gnu.org/software/libc/bugs.html>"
| /* end confdefs.h.  */
| #ifndef __ILP32__
| # error not x32
| #endif
| int
| main ()
| {
| 
|   ;
|   return 0;
| }
configure:154: result: no
configure:4005: result: 
configure:4079: running configure fragment for add-on nptl
configure:4215: checking for assembler and linker STT_GNU_IFUNC support

Relocation section '.rela.plt' at offset 0x110 contains 1 entries:
  Offset          Info           Type           Sym. Value    Sym. Name + Addend
000000600140  000000000025 R_X86_64_IRELATIV                    0000000000400140
configure:4246: result: yes
configure:4249: checking whether .text pseudo-op must be used
configure:4259: gcc  -c conftest.s 1>&5
configure:4262: $? = 0
configure:4273: result: yes
configure:4291: checking sysdep dirs
configure:4505: result: sysdeps/generic
configure:4582: checking for a BSD-compatible install
configure:4650: result: /usr/bin/install -c
configure:4665: checking whether ln -s works
configure:4669: result: yes
configure:4693: checking whether as is GNU as
configure:4707: result: yes
configure:4712: checking whether ld is GNU ld
configure:4726: result: yes
configure:4736: checking for as
configure:4763: result: as
configure:4778: checking version of as
configure:4788: result: 2.22, ok
configure:4799: checking for ld
configure:4826: result: ld
configure:4841: checking version of ld
configure:4851: result: 2.22, ok
configure:4865: checking for gcc
configure:4892: result: gcc
configure:4907: checking version of gcc
configure:4917: result: 4.6.3, ok
configure:4928: checking for gnumake
configure:4958: result: no
configure:4928: checking for gmake
configure:4958: result: no
configure:4928: checking for make
configure:4944: found /usr/bin/make
configure:4955: result: make
configure:4970: checking version of make
configure:4980: result: 3.81, ok
configure:4992: checking for gnumsgfmt
configure:5022: result: no
configure:4992: checking for gmsgfmt
configure:5022: result: no
configure:4992: checking for msgfmt
configure:5008: found /usr/bin/msgfmt
configure:5019: result: msgfmt
configure:5034: checking version of msgfmt
configure:5044: result: 0.18.1, ok
configure:5055: checking for makeinfo
configure:5071: found /usr/bin/makeinfo
configure:5082: result: makeinfo
configure:5097: checking version of makeinfo
configure:5107: result: 4.13, ok
configure:5118: checking for sed
configure:5134: found /bin/sed
configure:5145: result: sed
configure:5160: checking version of sed
configure:5170: result: 4.2.1, ok
configure:5181: checking for gawk
configure:5197: found /usr/bin/gawk
configure:5208: result: gawk
configure:5223: checking version of gawk
configure:5233: result: 3.1.8, ok
configure:5284: checking for nm
configure:5300: found /usr/bin/nm
configure:5311: result: nm
configure:5338: checking for autoconf
configure:5368: result: no
configure:5407: WARNING:
*** These auxiliary programs are missing or incompatible versions: autoconf
*** some features will be disabled.
*** Check the INSTALL file for required versions.
configure:5443: checking LD_LIBRARY_PATH variable
configure:5453: result: ok
configure:5462: checking whether GCC supports -static-libgcc
configure:5473: result: -static-libgcc
configure:5479: checking for bash
configure:5497: found /bin/bash
configure:5510: result: /bin/bash
configure:5583: checking for perl
configure:5601: found /usr/bin/perl
configure:5614: result: /usr/bin/perl
configure:5628: checking for install-info
configure:5647: found /usr/sbin/install-info
configure:5660: result: /usr/sbin/install-info
configure:5670: checking for bison
configure:5702: result: no
configure:5711: checking for libc-friendly stddef.h
configure:5735: gcc -c  -O2 -U_FORTIFY_SOURCE -fno-stack-protector  conftest.c >&5
conftest.c: In function 'main':
conftest.c:24:38: warning: incompatible implicit declaration of built-in function 'abort' [enabled by default]
configure:5735: $? = 0
configure:5742: result: yes
configure:5749: checking whether we need to use -P to assemble .S files
configure:5759: gcc   -c conftest.S 1>&5
configure:5762: $? = 0
configure:5770: result: no
configure:5777: checking for .set assembler directive
configure:5803: result: yes
configure:5810: checking for assembler gnu_unique_object symbol type
configure:5827: result: yes
configure:5834: checking for .symver assembler directive
configure:5851: result: yes
configure:5853: checking for ld --version-script
configure:5879: gcc  -O2 -U_FORTIFY_SOURCE -fno-stack-protector  -shared
				-o conftest.so conftest.o
				-nostartfiles -nostdlib
				-Wl,--version-script,conftest.map
		       1>&5
configure:5882: $? = 0
configure:5897: result: yes
configure:5918: checking for .previous assembler directive
configure:5928: gcc -c  conftest.s 1>&5
configure:5931: $? = 0
configure:5939: result: yes
configure:5973: checking for .protected and .hidden assembler directive
configure:5985: gcc -c  conftest.s 1>&5
configure:5988: $? = 0
configure:5996: result: yes
configure:6000: checking whether __attribute__((visibility())) is supported
configure:6011: gcc -Werror -S conftest.c -o conftest.s 1>&5
configure:6014: $? = 0
configure:6025: result: yes
configure:6033: checking for broken __attribute__((visibility()))
configure:6045: gcc -Werror -S conftest.c -o conftest.s 1>&5
configure:6048: $? = 0
configure:6057: result: no
configure:6064: checking for broken __attribute__((alias()))
configure:6079: gcc -Werror -S conftest.c -o conftest.s 1>&5
configure:6082: $? = 0
configure:6092: result: no
configure:6099: checking whether to put _rtld_local into .sdata section
configure:6113: result: no
configure:6121: checking for .preinit_array/.init_array/.fini_array support
configure:6137: gcc  -O2 -U_FORTIFY_SOURCE -fno-stack-protector   -o conftest
		       conftest.c -static -nostartfiles -nostdlib
		       1>&5
configure:6140: $? = 0
configure:6153: result: yes
configure:6159: checking whether to use .ctors/.dtors header and trailer
configure:6176: gcc  -O2 -U_FORTIFY_SOURCE -fno-stack-protector   -o conftest
		       conftest.c -static -nostartfiles -nostdlib
		       1>&5
configure:6179: $? = 0
configure:6205: result: no
configure:6212: checking for libunwind-support in compiler
configure:6229: result: no
configure:6237: checking for linker that supports -z nodelete
configure:6250: gcc  -O2 -U_FORTIFY_SOURCE -fno-stack-protector  
				-Wl,--enable-new-dtags,-z,nodelete -nostdlib -nostartfiles
				-fPIC -shared -o conftest.so conftest.c
				1>&5
configure:6253: $? = 0
configure:6266: result: yes
configure:6269: checking for linker that supports -z nodlopen
configure:6282: gcc  -O2 -U_FORTIFY_SOURCE -fno-stack-protector  
				-Wl,--enable-new-dtags,-z,nodlopen -nostdlib -nostartfiles
				-fPIC -shared -o conftest.so conftest.c
				1>&5
configure:6285: $? = 0
configure:6298: result: yes
configure:6301: checking for linker that supports -z initfirst
configure:6314: gcc  -O2 -U_FORTIFY_SOURCE -fno-stack-protector  
				-Wl,--enable-new-dtags,-z,initfirst -nostdlib -nostartfiles
				-fPIC -shared -o conftest.so conftest.c
				1>&5
configure:6317: $? = 0
configure:6330: result: yes
configure:6348: checking for -z relro option
configure:6389: gcc  -O2 -U_FORTIFY_SOURCE -fno-stack-protector  
		    -fPIC -shared -o conftest.so conftest.c
		    -nostartfiles -nostdlib
		    -Wl,-z,relro 1>&5
configure:6392: $? = 0
configure:6395: readelf -Wl conftest.so > conftest.ph
configure:6398: $? = 0
configure:6404: 
      gawk -v commonpagesize=0x1000 -f conftest.awk
	   conftest.ph > conftest.cps
    
LINE: 
LINE: Elf file type is DYN (Shared object file)
LINE: Entry point 0x360
LINE: There are 7 program headers, starting at offset 64
LINE: 
LINE: Program Headers:
LINE:   Type           Offset   VirtAddr           PhysAddr           FileSiz  MemSiz   Flg Align
LINE:   LOAD           0x000000 0x0000000000000000 0x0000000000000000 0x0003b0 0x0003b0 R E 0x200000
LINE:   LOAD           0x000ef0 0x0000000000200ef0 0x0000000000200ef0 0x040110 0x040110 RW  0x200000
LINE:   DYNAMIC        0x000f08 0x0000000000200f08 0x0000000000200f08 0x0000e0 0x0000e0 RW  0x8
LINE:   NOTE           0x0001c8 0x00000000000001c8 0x00000000000001c8 0x000024 0x000024 R   0x4
LINE:   GNU_EH_FRAME   0x000368 0x0000000000000368 0x0000000000000368 0x000014 0x000014 R   0x4
LINE:   GNU_STACK      0x000000 0x0000000000000000 0x0000000000000000 0x000000 0x000000 RW  0x8
LINE:   GNU_RELRO      0x000ef0 0x0000000000200ef0 0x0000000000200ef0 0x000110 0x000110 R   0x1
vaddr 0x200ef0 memsz 0x110 end 0x201000 commonpagesize 0x1000
LINE: 
LINE:  Section to Segment mapping:
LINE:   Segment Sections...
LINE:    00     .note.gnu.build-id .gnu.hash .dynsym .dynstr .rela.dyn .text .eh_frame_hdr .eh_frame 
LINE:    01     .data.rel.ro .dynamic .data 
LINE:    02     .dynamic 
LINE:    03     .note.gnu.build-id 
LINE:    04     .eh_frame_hdr 
LINE:    05     
LINE:    06     .data.rel.ro .dynamic 
configure:6407: $? = 0
configure:6412: result: yes
configure:6425: checking for -Bgroup option
configure:6436: gcc  -O2 -U_FORTIFY_SOURCE -fno-stack-protector  
			    -fPIC -shared -o conftest.so conftest.c
			    -Wl,-Bgroup -nostdlib 1>&5
configure:6439: $? = 0
configure:6448: result: yes
configure:6453: checking whether --noexecstack is desirable for .S files
configure:6463: gcc  -O2 -U_FORTIFY_SOURCE -fno-stack-protector 
		   -S -o conftest.s conftest.c 1>&5
configure:6466: $? = 0
configure:6471: gcc  -Wa,--noexecstack
		      -c -o conftest.o conftest.s 1>&5
configure:6474: $? = 0
configure:6483: result: yes
configure:6490: checking for -z combreloc
configure:6504: gcc  -O2 -U_FORTIFY_SOURCE -fno-stack-protector  
			-fPIC -shared -o conftest.so conftest.c
			-nostdlib -nostartfiles
			-Wl,-z,combreloc 1>&5
configure:6507: $? = 0
configure:6520: result: yes
configure:6528: checking for linker that supports -z execstack
configure:6541: gcc  -O2 -U_FORTIFY_SOURCE -fno-stack-protector  
				-Wl,-z,execstack -nostdlib -nostartfiles
				-fPIC -shared -o conftest.so conftest.c
				1>&5
configure:6544: $? = 0
configure:6557: result: yes
configure:6561: checking for -fpie
configure:6567: gcc -fpie -xc /dev/null -S -o /dev/null
configure:6570: $? = 0
configure:6578: result: yes
configure:6583: checking for --hash-style option
configure:6594: gcc  -O2 -U_FORTIFY_SOURCE -fno-stack-protector  
			    -fPIC -shared -o conftest.so conftest.c
			    -Wl,--hash-style=both -nostdlib 1>&5
configure:6597: $? = 0
configure:6606: result: yes
configure:6614: checking for sufficient default -shared layout
configure:6633:   gcc  -shared -o conftest.so conftest.s 1>&5
configure:6636: $? = 0
nono from:

NOTE .note.gnu.build-i
GNU_HASH .gnu.hash
DYNSYM .dynsym
STRTAB .dynstr
VERSYM .gnu.version
VERNEED .gnu.version_r
RELA .rela.dyn
RELA .rela.plt
PROGBITS .init
PROGBITS .plt
PROGBITS .text
PROGBITS .fini
NOTE .note.a
NOTE .note.b
PROGBITS .eh_frame_hdr
PROGBITS .eh_frame
PROGBITS .ctors
PROGBITS .dtors
PROGBITS .jcr
DYNAMIC .dynamic
PROGBITS .got
PROGBITS .got.plt
PROGBITS .data
NOBITS .bss
PROGBITS .comment
STRTAB .shstrtab
SYMTAB .symtab
STRTAB .strtab
configure:6668: result: no
configure:6673: checking linker output format
configure:6687: result: elf64-x86-64
configure:6691: checking for -fno-toplevel-reorder -fno-section-anchors
configure:6701: gcc  -O2 -U_FORTIFY_SOURCE -fno-stack-protector  -S -fno-toplevel-reorder -fno-section-anchors
			    conftest.c 1>&5
configure:6704: $? = 0
configure:6713: result: yes
configure:6722: checking for -fstack-protector
configure:6728: gcc  -O2 -U_FORTIFY_SOURCE -fno-stack-protector  -Werror -fstack-protector -xc /dev/null -S -o /dev/null
configure:6731: $? = 0
configure:6739: result: yes
configure:6743: checking for -fgnu89-inline
configure:6758: gcc  -O2 -U_FORTIFY_SOURCE -fno-stack-protector  -S -std=gnu99 -fgnu89-inline
			    -o conftest.s conftest.c 1>&5
conftest.c:3:1: warning: return type defaults to 'int' [enabled by default]
configure:6761: $? = 0
configure:6770: result: yes
configure:6779: checking whether cc puts quotes around section names
configure:6800: result: no
configure:6807: checking for assembler .weak directive
configure:6820: gcc  -c conftest.s 1>&5
configure:6823: $? = 0
configure:6831: result: yes
configure:6874: checking whether CFI directives are supported
configure:6893: gcc  -c conftest.s 1>&5
configure:6896: $? = 0
configure:6904: result: yes
configure:6911: checking for ld --no-whole-archive
configure:6924: gcc  -O2 -U_FORTIFY_SOURCE -fno-stack-protector  
			    -nostdlib -nostartfiles -Wl,--no-whole-archive
			    -o conftest conftest.c 1>&5
configure:6927: $? = 0
configure:6935: result: yes
configure:6941: checking for gcc -fexceptions
configure:6954: gcc  -O2 -U_FORTIFY_SOURCE -fno-stack-protector  
			    -nostdlib -nostartfiles -fexceptions
			    -o conftest conftest.c 1>&5
configure:6957: $? = 0
configure:6965: result: yes
configure:7005: checking for __builtin_memset
configure:7017: gcc -O3 -S conftest.c -o - | fgrep memset > /dev/null
configure:7020: $? = 1
configure:7029: result: yes
configure:7036: checking for redirection of built-in functions
configure:7049: gcc -O3 -S conftest.c -o - | fgrep my_strstr > /dev/null
configure:7052: $? = 0
configure:7061: result: yes
configure:7067: checking for __thread
configure:7076: gcc  -O2 -U_FORTIFY_SOURCE -fno-stack-protector  -c conftest.c >&5
configure:7079: $? = 0
configure:7087: result: yes
configure:7093: checking for tls_model attribute
configure:7102: gcc  -O2 -U_FORTIFY_SOURCE -fno-stack-protector  -S -Werror conftest.c >&5
configure:7105: $? = 0
configure:7113: result: yes
configure:7119: checking for compiler option to disable generation of FMA instructions
configure:7127: gcc -ffp-contract=off -xc /dev/null -S -o /dev/null
configure:7130: $? = 0
configure:7136: result: -ffp-contract=off
configure:7167: checking for libgd
configure:7187: gcc -o conftest  -O2 -U_FORTIFY_SOURCE -fno-stack-protector     conftest.c  -lgd -lpng -lz -lm >&5
conftest.c:21:16: fatal error: gd.h: No such file or directory
compilation terminated.
configure:7187: $? = 1
configure: failed program was:
| /* confdefs.h */
| #define PACKAGE_NAME "GNU C Library"
| #define PACKAGE_TARNAME "glibc"
| #define PACKAGE_VERSION "(see version.h)"
| #define PACKAGE_STRING "GNU C Library (see version.h)"
| #define PACKAGE_BUGREPORT "http://sourceware.org/bugzilla/"
| #define PACKAGE_URL "http://www.gnu.org/software/glibc/"
| #define PKGVERSION "(GNU libc) "
| #define REPORT_BUGS_TO "<http://www.gnu.org/software/libc/bugs.html>"
| #define USE_MULTIARCH 1
| #define HAVE_ASM_SET_DIRECTIVE 1
| #define HAVE_ASM_UNIQUE_OBJECT 1
| #define DO_VERSIONING 1
| #define HAVE_ASM_PREVIOUS_DIRECTIVE 1
| #define NO_CTORS_DTORS_SECTIONS 1
| #define HAVE_Z_COMBRELOC 1
| #define HAVE_ASM_WEAK_DIRECTIVE 1
| #define HAVE_ASM_CFI_DIRECTIVES 1
| #define HAVE_BUILTIN_MEMSET 1
| /* end confdefs.h.  */
| #include <gd.h>
| int
| main ()
| {
| gdImagePng (0, 0)
|   ;
|   return 0;
| }
configure:7200: result: no
configure:7399: checking size of long double
configure:7404: gcc -o conftest  -O2 -U_FORTIFY_SOURCE -fno-stack-protector   conftest.c  >&5
configure:7404: $? = 0
configure:7404: ./conftest
configure:7404: $? = 0
configure:7418: result: 16
configure:7432: checking for _FORTIFY_SOURCE predefine
configure:7451: gcc -c  -O2 -U_FORTIFY_SOURCE -fno-stack-protector  conftest.c >&5
configure:7451: $? = 0
configure:7458: result: no
configure:7465: checking whether gcc implicitly enables -fstack-protector
configure:7482: gcc -c  -O2 -U_FORTIFY_SOURCE -fno-stack-protector  conftest.c >&5
configure:7482: $? = 0
libc_undefs='foobar'
configure:7509: result: no
configure:7536: result: running configure fragment for nptl/sysdeps/pthread
configure:21: checking for forced unwind support
configure:40: gcc -c  -O2 -U_FORTIFY_SOURCE -fno-stack-protector  conftest.c >&5
configure:40: $? = 0
configure:47: result: yes
configure:54: checking for C cleanup handling
configure:74: gcc -c  -O2 -U_FORTIFY_SOURCE -fno-stack-protector -Werror -fexceptions  conftest.c >&5
configure:74: $? = 0
configure:81: result: yes
configure:7536: result: running configure fragment for sysdeps/unix/sysv/linux
configure:14: checking for grep that handles long lines and -e
configure:72: result: /bin/grep
configure:77: checking for egrep
configure:139: result: /bin/grep -E
configure:144: checking installed Linux kernel header files
configure:165: result: 2.6.19 or later
configure:232: checking for kernel header at least 2.6.16
configure:251: result: ok
configure:356: checking for symlinks in /usr/local/graphene/include
configure:373: result: ok
configure:7536: result: running configure fragment for sysdeps/gnu
configure:7536: result: running configure fragment for nptl/sysdeps/x86_64
configure:4: checking for .cfi_personality and .cfi_lsda pseudo-ops
configure:18: gcc  -c conftest.s 1>&5
configure:21: $? = 0
configure:30: result: yes
configure:7536: result: running configure fragment for sysdeps/x86_64
configure:36: checking for cpuid.h
configure:36: gcc -c  -O2 -U_FORTIFY_SOURCE -fno-stack-protector  conftest.c >&5
configure:36: $? = 0
configure:36: result: yes
configure:46: checking for SSE4 support
configure:52: gcc -msse4 -xc /dev/null -S -o /dev/null
configure:55: $? = 0
configure:63: result: yes
configure:70: checking for AVX support
configure:76: gcc -mavx -xc /dev/null -S -o /dev/null
configure:79: $? = 0
configure:87: result: yes
configure:94: checking for AVX encoding of SSE instructions
configure:100: gcc -msse2avx -xc /dev/null -S -o /dev/null
configure:103: $? = 0
configure:111: result: yes
configure:118: checking for FMA4 support
configure:124: gcc -mfma4 -xc /dev/null -S -o /dev/null
configure:127: $? = 0
configure:135: result: yes
configure:142: checking for -mno-vzeroupper support
configure:148: gcc -mno-vzeroupper -xc /dev/null -S -o /dev/null
configure:151: $? = 0
configure:159: result: yes
configure:7568: checking for old glibc 2.0.x headers
configure:7576: result: no
configure:7612: checking whether -fPIC is default
configure:7628: result: no
configure:7762: creating ./config.status

## ---------------------- ##
## Running config.status. ##
## ---------------------- ##

This file was extended by GNU C Library config.status (see version.h), which was
generated by GNU Autoconf 2.68.  Invocation command line was

  CONFIG_FILES    = 
  CONFIG_HEADERS  = 
  CONFIG_LINKS    = 
  CONFIG_COMMANDS = 
  $ ./config.status 

on vl149

config.status:953: creating config.make
config.status:953: creating Makefile
config.status:953: creating config.h
config.status:1127: executing default commands

## ---------------- ##
## Cache variables. ##
## ---------------- ##

ac_cv_build=x86_64-unknown-linux-gnu
ac_cv_c_compiler_gnu=yes
ac_cv_cxx_compiler_gnu=yes
ac_cv_env_CCC_set=
ac_cv_env_CCC_value=
ac_cv_env_CC_set=
ac_cv_env_CC_value=
ac_cv_env_CFLAGS_set=set
ac_cv_env_CFLAGS_value=' -O2 -U_FORTIFY_SOURCE -fno-stack-protector'
ac_cv_env_CPPFLAGS_set=
ac_cv_env_CPPFLAGS_value=
ac_cv_env_CPP_set=
ac_cv_env_CPP_value=
ac_cv_env_CXXFLAGS_set=
ac_cv_env_CXXFLAGS_value=
ac_cv_env_CXX_set=
ac_cv_env_CXX_value=
ac_cv_env_LDFLAGS_set=
ac_cv_env_LDFLAGS_value=
ac_cv_env_LIBS_set=
ac_cv_env_LIBS_value=
ac_cv_env_build_alias_set=
ac_cv_env_build_alias_value=
ac_cv_env_host_alias_set=
ac_cv_env_host_alias_value=
ac_cv_env_target_alias_set=
ac_cv_env_target_alias_value=
ac_cv_header_cpuid_h=yes
ac_cv_host=x86_64-unknown-linux-gnu
ac_cv_objext=o
ac_cv_path_BASH_SHELL=/bin/bash
ac_cv_path_BISON=no
ac_cv_path_EGREP='/bin/grep -E'
ac_cv_path_GREP=/bin/grep
ac_cv_path_INSTALL_INFO=/usr/sbin/install-info
ac_cv_path_PERL=/usr/bin/perl
ac_cv_path_install='/usr/bin/install -c'
ac_cv_prog_AS=as
ac_cv_prog_AWK=gawk
ac_cv_prog_CC=gcc
ac_cv_prog_CPP='gcc -E'
ac_cv_prog_LD=ld
ac_cv_prog_MAKE=make
ac_cv_prog_MAKEINFO=makeinfo
ac_cv_prog_MSGFMT=msgfmt
ac_cv_prog_SED=sed
ac_cv_prog_ac_ct_CC=gcc
ac_cv_prog_ac_ct_CXX=g++
ac_cv_prog_ac_ct_NM=nm
ac_cv_prog_ac_ct_READELF=readelf
ac_cv_prog_cc_c89=
ac_cv_prog_cc_g=yes
ac_cv_prog_cxx_g=yes
ac_cv_sizeof_long_double=16
libc_cv_Bgroup=yes
libc_cv_as_noexecstack=yes
libc_cv_asm_cfi_directives=yes
libc_cv_asm_cfi_personality=yes
libc_cv_asm_previous_directive=yes
libc_cv_asm_protected_directive=yes
libc_cv_asm_set_directive=yes
libc_cv_asm_symver_directive=yes
libc_cv_asm_unique_object=yes
libc_cv_asm_weak_directive=yes
libc_cv_broken_alias_attribute=no
libc_cv_broken_visibility_attribute=no
libc_cv_c_cleanup=yes
libc_cv_cc_avx=yes
libc_cv_cc_fma4=yes
libc_cv_cc_nofma=-ffp-contract=off
libc_cv_cc_novzeroupper=yes
libc_cv_cc_sse2avx=yes
libc_cv_cc_sse4=yes
libc_cv_cc_with_libunwind=no
libc_cv_ctors_header=no
libc_cv_dot_text=.text
libc_cv_fno_toplevel_reorder=yes
libc_cv_forced_unwind=yes
libc_cv_fpie=yes
libc_cv_friendly_stddef=yes
libc_cv_gcc___thread=yes
libc_cv_gcc_builtin_memset=yes
libc_cv_gcc_builtin_redirection=yes
libc_cv_gcc_exceptions=yes
libc_cv_gcc_static_libgcc=-static-libgcc
libc_cv_gcc_tls_model_attr=yes
libc_cv_gcc_unwind_find_fde=no
libc_cv_gnu89_inline=yes
libc_cv_hashstyle=yes
libc_cv_have_bash2=yes
libc_cv_have_ksh=yes
libc_cv_have_sdata_section=no
libc_cv_have_section_quotes=no
libc_cv_idn=no
libc_cv_initfini_array=yes
libc_cv_ld_gnu_indirect_function=yes
libc_cv_ld_no_whole_archive=yes
libc_cv_ld_version_script_option=yes
libc_cv_linux2619='2.6.19 or later'
libc_cv_localstatedir='${prefix}/var'
libc_cv_need_minus_P=no
libc_cv_nss_crypt=no
libc_cv_output_format=elf64-x86-64
libc_cv_pic_default=no
libc_cv_predef_fortify_source=no
libc_cv_predef_stack_protector=no
libc_cv_prog_as_gnu=yes
libc_cv_prog_ld_gnu=yes
libc_cv_ssp=yes
libc_cv_sysconfdir='${prefix}/etc'
libc_cv_use_default_link=no
libc_cv_visibility_attribute=yes
libc_cv_x32=no
libc_cv_z_combreloc=yes
libc_cv_z_execstack=yes
libc_cv_z_initfirst=yes
libc_cv_z_nodelete=yes
libc_cv_z_nodlopen=yes
libc_cv_z_relro=yes

## ----------------- ##
## Output variables. ##
## ----------------- ##

AR='ar'
AS='as'
ASFLAGS_config=' -Wa,--noexecstack'
AUTOCONF='no'
AWK='gawk'
BASH_SHELL='/bin/bash'
BISON='no'
BUILD_CC=''
CC='gcc'
CFLAGS=' -O2 -U_FORTIFY_SOURCE -fno-stack-protector'
CPP='gcc -E'
CPPFLAGS=''
CPPUNDEFS=''
CXX='g++'
CXXFLAGS='-g -O2'
CXX_SYSINCLUDES=''
DEFINES=''
DEFS='-DHAVE_CONFIG_H'
ECHO_C=''
ECHO_N='-n'
ECHO_T=''
INSTALL_DATA='${INSTALL} -m 644'
INSTALL_INFO='/usr/sbin/install-info'
INSTALL_PROGRAM='${INSTALL}'
INSTALL_SCRIPT='${INSTALL}'
KSH='/bin/bash'
LD='ld'
LDFLAGS=''
LIBGD='no'
LIBOBJS=''
LIBS=''
LN_S='ln -s'
LTLIBOBJS=''
MAKE='make'
MAKEINFO='makeinfo'
MIG=''
MSGFMT='msgfmt'
NM='nm'
OBJCOPY='objcopy'
OBJDUMP='objdump'
OBJEXT='o'
PACKAGE_BUGREPORT='http://sourceware.org/bugzilla/'
PACKAGE_NAME='GNU C Library'
PACKAGE_STRING='GNU C Library (see version.h)'
PACKAGE_TARNAME='glibc'
PACKAGE_URL='http://www.gnu.org/software/glibc/'
PACKAGE_VERSION='(see version.h)'
PATH_SEPARATOR=':'
PERL='/usr/bin/perl'
PKGVERSION='(GNU libc) '
PKGVERSION_TEXI='(GNU libc) '
READELF='readelf'
RELEASE='stable'
REPORT_BUGS_TEXI='@uref{http://www.gnu.org/software/libc/bugs.html}'
REPORT_BUGS_TO='<http://www.gnu.org/software/libc/bugs.html>'
SED='sed'
SHELL='/bin/bash'
SYSINCLUDES=''
VERSION='2.17'
VERSIONING='yes'
ac_ct_CC='gcc'
ac_ct_CXX='g++'
add_on_subdirs=''
add_ons='nptl'
all_warnings=''
base_machine='x86_64'
bindir='${exec_prefix}/bin'
bindnow='no'
build='x86_64-unknown-linux-gnu'
build_alias=''
build_cpu='x86_64'
build_nscd='no'
build_os='linux-gnu'
build_vendor='unknown'
cross_compiling='no'
datadir='${datarootdir}'
datarootdir='${prefix}/share'
docdir='${datarootdir}/doc/${PACKAGE_TARNAME}'
dvidir='${docdir}'
exceptions='-fexceptions'
exec_prefix='${prefix}'
fno_unit_at_a_time='-fno-toplevel-reorder -fno-section-anchors'
force_install='yes'
gnu89_inline='-fgnu89-inline'
have_libaudit=''
have_libcap=''
have_selinux='no'
host='x86_64-unknown-linux-gnu'
host_alias=''
host_cpu='x86_64'
host_os='linux-gnu'
host_vendor='unknown'
htmldir='${docdir}'
includedir='${prefix}/include'
infodir='${datarootdir}/info'
ldd_rewrite_script='sysdeps/unix/sysv/linux/x86_64/ldd-rewrite.sed'
libc_cv_Bgroup='yes'
libc_cv_as_i686=''
libc_cv_cc_avx='yes'
libc_cv_cc_fma4='yes'
libc_cv_cc_nofma='-ffp-contract=off'
libc_cv_cc_novzeroupper='yes'
libc_cv_cc_sse2avx='yes'
libc_cv_cc_sse4='yes'
libc_cv_cc_submachine=''
libc_cv_cc_with_libunwind='no'
libc_cv_forced_unwind='yes'
libc_cv_fpie='yes'
libc_cv_gcc_static_libgcc='-static-libgcc'
libc_cv_gcc_unwind_find_fde='no'
libc_cv_hashstyle='yes'
libc_cv_have_bash2='yes'
libc_cv_have_ksh='yes'
libc_cv_localedir=''
libc_cv_localstatedir='${prefix}/var'
libc_cv_nss_crypt='no'
libc_cv_output_format='elf64-x86-64'
libc_cv_pic_default='no'
libc_cv_rootsbindir=''
libc_cv_slibdir=''
libc_cv_sparc_as_vis3=''
libc_cv_ssp='yes'
libc_cv_sysconfdir='${prefix}/etc'
libc_cv_z_combreloc='yes'
libc_cv_z_execstack='yes'
libc_extra_cflags=''
libdir='${exec_prefix}/lib'
libexecdir='${exec_prefix}/libexec'
link_obsolete_rpc='no'
localedir='${datarootdir}/locale'
localstatedir='${prefix}/var'
mach_interface_list=''
mandir='${datarootdir}/man'
multi_arch='default'
old_glibc_headers='no'
oldest_abi='default'
oldincludedir='/usr/include'
pdfdir='${docdir}'
prefix='/usr/local/graphene'
profile='no'
program_transform_name='s,x,x,'
psdir='${docdir}'
sbindir='${exec_prefix}/sbin'
shared='yes'
sharedstatedir='${prefix}/com'
sizeof_long_double='16'
static=''
static_nss='no'
subdirs='  '
submachine=''
sysconfdir='${prefix}/etc'
sysdeps_add_ons=' nptl'
sysheaders=''
sysnames=' sysdeps/unix/sysv/linux/x86_64/64/nptl sysdeps/unix/sysv/linux/x86_64/64 nptl/sysdeps/unix/sysv/linux/x86_64 nptl/sysdeps/unix/sysv/linux/x86 sysdeps/unix/sysv/linux/x86 sysdeps/unix/sysv/linux/x86_64 sysdeps/unix/sysv/linux/wordsize-64 nptl/sysdeps/unix/sysv/linux nptl/sysdeps/pthread sysdeps/pthread sysdeps/unix/sysv/linux sysdeps/gnu sysdeps/unix/inet nptl/sysdeps/unix/sysv sysdeps/unix/sysv sysdeps/unix/x86_64 nptl/sysdeps/unix sysdeps/unix sysdeps/posix nptl/sysdeps/x86_64/64 sysdeps/x86_64/64 sysdeps/x86_64/fpu/multiarch sysdeps/x86_64/fpu sysdeps/x86/fpu sysdeps/x86_64/multiarch nptl/sysdeps/x86_64 sysdeps/x86_64 sysdeps/x86 sysdeps/ieee754/ldbl-96 sysdeps/ieee754/dbl-64/wordsize-64 sysdeps/ieee754/dbl-64 sysdeps/ieee754/flt-32 sysdeps/wordsize-64 sysdeps/ieee754 sysdeps/generic'
target_alias=''
use_default_link='no'
use_ldconfig='yes'
use_nscd='no'
with_fp='yes'

## ----------- ##
## confdefs.h. ##
## ----------- ##

/* confdefs.h */
#define PACKAGE_NAME "GNU C Library"
#define PACKAGE_TARNAME "glibc"
#define PACKAGE_VERSION "(see version.h)"
#define PACKAGE_STRING "GNU C Library (see version.h)"
#define PACKAGE_BUGREPORT "http://sourceware.org/bugzilla/"
#define PACKAGE_URL "http://www.gnu.org/software/glibc/"
#define PKGVERSION "(GNU libc) "
#define REPORT_BUGS_TO "<http://www.gnu.org/software/libc/bugs.html>"
#define USE_MULTIARCH 1
#define HAVE_ASM_SET_DIRECTIVE 1
#define HAVE_ASM_UNIQUE_OBJECT 1
#define DO_VERSIONING 1
#define HAVE_ASM_PREVIOUS_DIRECTIVE 1
#define NO_CTORS_DTORS_SECTIONS 1
#define HAVE_Z_COMBRELOC 1
#define HAVE_ASM_WEAK_DIRECTIVE 1
#define HAVE_ASM_CFI_DIRECTIVES 1
#define HAVE_BUILTIN_MEMSET 1
#define SIZEOF_LONG_DOUBLE 16
#define HAVE_FORCED_UNWIND 1
#define __LINUX_KERNEL_VERSION (2 * 65536 + 6 * 256 + 16)
#define __ABI_TAG_VERSION 2,6,16
#define HAVE_INLINED_SYSCALLS 1
#define HAVE_SSE4_SUPPORT 1
#define HAVE_AVX_SUPPORT 1
#define HAVE_SSE2AVX_SUPPORT 1
#define HAVE_FMA4_SUPPORT 1
#define PI_STATIC_AND_HIDDEN 1
#define HAVE_IFUNC 1
#define USE_LDCONFIG 1

configure: exit 0
